Analysis & Synthesis report for lijiantao2018114266_14
Wed Jul 08 20:45:32 2020
Quartus Prime Version 17.0.0 Build 595 04/25/2017 SJ Lite Edition


---------------------
; Table of Contents ;
---------------------
  1. Legal Notice
  2. Analysis & Synthesis Summary
  3. Analysis & Synthesis Settings
  4. Parallel Compilation
  5. Analysis & Synthesis Source Files Read
  6. Analysis & Synthesis Resource Usage Summary
  7. Analysis & Synthesis Resource Utilization by Entity
  8. User-Specified and Inferred Latches
  9. General Register Statistics
 10. Multiplexer Restructuring Statistics (Restructuring Performed)
 11. Post-Synthesis Netlist Statistics for Top Partition
 12. Elapsed Time Per Partition
 13. Analysis & Synthesis Messages



----------------
; Legal Notice ;
----------------
Copyright (C) 2017  Intel Corporation. All rights reserved.
Your use of Intel Corporation's design tools, logic functions 
and other software and tools, and its AMPP partner logic 
functions, and any output files from any of the foregoing 
(including device programming or simulation files), and any 
associated documentation or information are expressly subject 
to the terms and conditions of the Intel Program License 
Subscription Agreement, the Intel Quartus Prime License Agreement,
the Intel MegaCore Function License Agreement, or other 
applicable license agreement, including, without limitation, 
that your use is for the sole purpose of programming logic 
devices manufactured by Intel and sold by Intel or its 
authorized distributors.  Please refer to the applicable 
agreement for further details.



+-------------------------------------------------------------------------------+
; Analysis & Synthesis Summary                                                  ;
+---------------------------------+---------------------------------------------+
; Analysis & Synthesis Status     ; Successful - Wed Jul 08 20:45:32 2020       ;
; Quartus Prime Version           ; 17.0.0 Build 595 04/25/2017 SJ Lite Edition ;
; Revision Name                   ; lijiantao2018114266_14                      ;
; Top-level Entity Name           ; lijiantao2018114266_14                      ;
; Family                          ; Cyclone V                                   ;
; Logic utilization (in ALMs)     ; N/A                                         ;
; Total registers                 ; 0                                           ;
; Total pins                      ; 158                                         ;
; Total virtual pins              ; 0                                           ;
; Total block memory bits         ; 0                                           ;
; Total DSP Blocks                ; 0                                           ;
; Total HSSI RX PCSs              ; 0                                           ;
; Total HSSI PMA RX Deserializers ; 0                                           ;
; Total HSSI TX PCSs              ; 0                                           ;
; Total HSSI PMA TX Serializers   ; 0                                           ;
; Total PLLs                      ; 0                                           ;
; Total DLLs                      ; 0                                           ;
+---------------------------------+---------------------------------------------+


+-----------------------------------------------------------------------------------------------------------------------------------+
; Analysis & Synthesis Settings                                                                                                     ;
+---------------------------------------------------------------------------------+------------------------+------------------------+
; Option                                                                          ; Setting                ; Default Value          ;
+---------------------------------------------------------------------------------+------------------------+------------------------+
; Device                                                                          ; 5CSEMA5F31C6           ;                        ;
; Top-level entity name                                                           ; lijiantao2018114266_14 ; lijiantao2018114266_14 ;
; Family name                                                                     ; Cyclone V              ; Cyclone V              ;
; Use smart compilation                                                           ; Off                    ; Off                    ;
; Enable parallel Assembler and TimeQuest Timing Analyzer during compilation      ; On                     ; On                     ;
; Enable compact report table                                                     ; Off                    ; Off                    ;
; Restructure Multiplexers                                                        ; Auto                   ; Auto                   ;
; MLAB Add Timing Constraints For Mixed-Port Feed-Through Mode Setting Don't Care ; Off                    ; Off                    ;
; Create Debugging Nodes for IP Cores                                             ; Off                    ; Off                    ;
; Preserve fewer node names                                                       ; On                     ; On                     ;
; OpenCore Plus hardware evaluation                                               ; Enable                 ; Enable                 ;
; Verilog Version                                                                 ; Verilog_2001           ; Verilog_2001           ;
; VHDL Version                                                                    ; VHDL_1993              ; VHDL_1993              ;
; State Machine Processing                                                        ; Auto                   ; Auto                   ;
; Safe State Machine                                                              ; Off                    ; Off                    ;
; Extract Verilog State Machines                                                  ; On                     ; On                     ;
; Extract VHDL State Machines                                                     ; On                     ; On                     ;
; Ignore Verilog initial constructs                                               ; Off                    ; Off                    ;
; Iteration limit for constant Verilog loops                                      ; 5000                   ; 5000                   ;
; Iteration limit for non-constant Verilog loops                                  ; 250                    ; 250                    ;
; Add Pass-Through Logic to Inferred RAMs                                         ; On                     ; On                     ;
; Infer RAMs from Raw Logic                                                       ; On                     ; On                     ;
; Parallel Synthesis                                                              ; On                     ; On                     ;
; DSP Block Balancing                                                             ; Auto                   ; Auto                   ;
; NOT Gate Push-Back                                                              ; On                     ; On                     ;
; Power-Up Don't Care                                                             ; On                     ; On                     ;
; Remove Redundant Logic Cells                                                    ; Off                    ; Off                    ;
; Remove Duplicate Registers                                                      ; On                     ; On                     ;
; Ignore CARRY Buffers                                                            ; Off                    ; Off                    ;
; Ignore CASCADE Buffers                                                          ; Off                    ; Off                    ;
; Ignore GLOBAL Buffers                                                           ; Off                    ; Off                    ;
; Ignore ROW GLOBAL Buffers                                                       ; Off                    ; Off                    ;
; Ignore LCELL Buffers                                                            ; Off                    ; Off                    ;
; Ignore SOFT Buffers                                                             ; On                     ; On                     ;
; Limit AHDL Integers to 32 Bits                                                  ; Off                    ; Off                    ;
; Optimization Technique                                                          ; Balanced               ; Balanced               ;
; Carry Chain Length                                                              ; 70                     ; 70                     ;
; Auto Carry Chains                                                               ; On                     ; On                     ;
; Auto Open-Drain Pins                                                            ; On                     ; On                     ;
; Perform WYSIWYG Primitive Resynthesis                                           ; Off                    ; Off                    ;
; Auto ROM Replacement                                                            ; On                     ; On                     ;
; Auto RAM Replacement                                                            ; On                     ; On                     ;
; Auto DSP Block Replacement                                                      ; On                     ; On                     ;
; Auto Shift Register Replacement                                                 ; Auto                   ; Auto                   ;
; Allow Shift Register Merging across Hierarchies                                 ; Auto                   ; Auto                   ;
; Auto Clock Enable Replacement                                                   ; On                     ; On                     ;
; Strict RAM Replacement                                                          ; Off                    ; Off                    ;
; Allow Synchronous Control Signals                                               ; On                     ; On                     ;
; Force Use of Synchronous Clear Signals                                          ; Off                    ; Off                    ;
; Auto Resource Sharing                                                           ; Off                    ; Off                    ;
; Allow Any RAM Size For Recognition                                              ; Off                    ; Off                    ;
; Allow Any ROM Size For Recognition                                              ; Off                    ; Off                    ;
; Allow Any Shift Register Size For Recognition                                   ; Off                    ; Off                    ;
; Use LogicLock Constraints during Resource Balancing                             ; On                     ; On                     ;
; Ignore translate_off and synthesis_off directives                               ; Off                    ; Off                    ;
; Timing-Driven Synthesis                                                         ; On                     ; On                     ;
; Report Parameter Settings                                                       ; On                     ; On                     ;
; Report Source Assignments                                                       ; On                     ; On                     ;
; Report Connectivity Checks                                                      ; On                     ; On                     ;
; Ignore Maximum Fan-Out Assignments                                              ; Off                    ; Off                    ;
; Synchronization Register Chain Length                                           ; 3                      ; 3                      ;
; PowerPlay Power Optimization During Synthesis                                   ; Normal compilation     ; Normal compilation     ;
; HDL message level                                                               ; Level2                 ; Level2                 ;
; Suppress Register Optimization Related Messages                                 ; Off                    ; Off                    ;
; Number of Removed Registers Reported in Synthesis Report                        ; 5000                   ; 5000                   ;
; Number of Swept Nodes Reported in Synthesis Report                              ; 5000                   ; 5000                   ;
; Number of Inverted Registers Reported in Synthesis Report                       ; 100                    ; 100                    ;
; Clock MUX Protection                                                            ; On                     ; On                     ;
; Auto Gated Clock Conversion                                                     ; Off                    ; Off                    ;
; Block Design Naming                                                             ; Auto                   ; Auto                   ;
; SDC constraint protection                                                       ; Off                    ; Off                    ;
; Synthesis Effort                                                                ; Auto                   ; Auto                   ;
; Shift Register Replacement - Allow Asynchronous Clear Signal                    ; On                     ; On                     ;
; Pre-Mapping Resynthesis Optimization                                            ; Off                    ; Off                    ;
; Analysis & Synthesis Message Level                                              ; Medium                 ; Medium                 ;
; Disable Register Merging Across Hierarchies                                     ; Auto                   ; Auto                   ;
; Resource Aware Inference For Block RAM                                          ; On                     ; On                     ;
; Automatic Parallel Synthesis                                                    ; On                     ; On                     ;
; Partial Reconfiguration Bitstream ID                                            ; Off                    ; Off                    ;
+---------------------------------------------------------------------------------+------------------------+------------------------+


+------------------------------------------+
; Parallel Compilation                     ;
+----------------------------+-------------+
; Processors                 ; Number      ;
+----------------------------+-------------+
; Number detected on machine ; 12          ;
; Maximum allowed            ; 6           ;
;                            ;             ;
; Average used               ; 1.01        ;
; Maximum used               ; 6           ;
;                            ;             ;
; Usage by Processor         ; % Time Used ;
;     Processor 1            ; 100.0%      ;
;     Processors 2-6         ;   0.1%      ;
+----------------------------+-------------+


+---------------------------------------------------------------------------------------------------------------------------------------------------------------+
; Analysis & Synthesis Source Files Read                                                                                                                        ;
+----------------------------------+-----------------+-----------------+------------------------------------------------------------------------------+---------+
; File Name with User-Entered Path ; Used in Netlist ; File Type       ; File Name with Absolute Path                                                 ; Library ;
+----------------------------------+-----------------+-----------------+------------------------------------------------------------------------------+---------+
; lijiantao2018114266_14.vhd       ; yes             ; User VHDL File  ; D:/Desktop/ele/dianzishixi/lijiantao2018114266_14/lijiantao2018114266_14.vhd ;         ;
+----------------------------------+-----------------+-----------------+------------------------------------------------------------------------------+---------+


+--------------------------------------------------------------+
; Analysis & Synthesis Resource Usage Summary                  ;
+---------------------------------------------+----------------+
; Resource                                    ; Usage          ;
+---------------------------------------------+----------------+
; Estimate of Logic utilization (ALMs needed) ; 87             ;
;                                             ;                ;
; Combinational ALUT usage for logic          ; 132            ;
;     -- 7 input functions                    ; 0              ;
;     -- 6 input functions                    ; 42             ;
;     -- 5 input functions                    ; 28             ;
;     -- 4 input functions                    ; 2              ;
;     -- <=3 input functions                  ; 60             ;
;                                             ;                ;
; Dedicated logic registers                   ; 0              ;
;                                             ;                ;
; I/O pins                                    ; 158            ;
;                                             ;                ;
; Total DSP Blocks                            ; 0              ;
;                                             ;                ;
; Maximum fan-out node                        ; STATE[2]~input ;
; Maximum fan-out                             ; 48             ;
; Total fan-out                               ; 779            ;
; Average fan-out                             ; 1.74           ;
+---------------------------------------------+----------------+


+-------------------------------------------------------------------------------------------------------------------------------------------------------------------------------------------------------+
; Analysis & Synthesis Resource Utilization by Entity                                                                                                                                                   ;
+----------------------------+---------------------+---------------------------+-------------------+------------+------+--------------+-------------------------+------------------------+--------------+
; Compilation Hierarchy Node ; Combinational ALUTs ; Dedicated Logic Registers ; Block Memory Bits ; DSP Blocks ; Pins ; Virtual Pins ; Full Hierarchy Name     ; Entity Name            ; Library Name ;
+----------------------------+---------------------+---------------------------+-------------------+------------+------+--------------+-------------------------+------------------------+--------------+
; |lijiantao2018114266_14    ; 132 (132)           ; 0 (0)                     ; 0                 ; 0          ; 158  ; 0            ; |lijiantao2018114266_14 ; lijiantao2018114266_14 ; work         ;
+----------------------------+---------------------+---------------------------+-------------------+------------+------+--------------+-------------------------+------------------------+--------------+
Note: For table entries with two numbers listed, the numbers in parentheses indicate the number of resources of the given type used by the specific entity alone. The numbers listed outside of parentheses indicate the total resources of the given type used by the specific entity and all of its sub-entities in the hierarchy.


+----------------------------------------------------------------------------------------------------+
; User-Specified and Inferred Latches                                                                ;
+-----------------------------------------------------+---------------------+------------------------+
; Latch Name                                          ; Latch Enable Signal ; Free of Timing Hazards ;
+-----------------------------------------------------+---------------------+------------------------+
; TMP5[0]                                             ; TMP5[6]             ; yes                    ;
; TMP5[1]                                             ; TMP5[6]             ; yes                    ;
; TMP5[2]                                             ; TMP5[6]             ; yes                    ;
; TMP5[3]                                             ; TMP5[6]             ; yes                    ;
; TMP5[4]                                             ; TMP5[6]             ; yes                    ;
; TMP5[5]                                             ; TMP5[6]             ; yes                    ;
; TMP5[6]                                             ; TMP5[6]             ; yes                    ;
; TMP4[0]                                             ; TMP5[6]             ; yes                    ;
; TMP4[1]                                             ; TMP5[6]             ; yes                    ;
; TMP4[2]                                             ; TMP5[6]             ; yes                    ;
; TMP4[3]                                             ; TMP5[6]             ; yes                    ;
; TMP4[4]                                             ; TMP5[6]             ; yes                    ;
; TMP4[5]                                             ; TMP5[6]             ; yes                    ;
; TMP4[6]                                             ; TMP5[6]             ; yes                    ;
; TMP3[0]                                             ; TMP5[6]             ; yes                    ;
; TMP3[1]                                             ; TMP5[6]             ; yes                    ;
; TMP3[2]                                             ; TMP5[6]             ; yes                    ;
; TMP3[3]                                             ; TMP5[6]             ; yes                    ;
; TMP3[4]                                             ; TMP5[6]             ; yes                    ;
; TMP3[5]                                             ; TMP5[6]             ; yes                    ;
; TMP3[6]                                             ; TMP5[6]             ; yes                    ;
; TMP2[0]                                             ; TMP5[6]             ; yes                    ;
; TMP2[1]                                             ; TMP5[6]             ; yes                    ;
; TMP2[2]                                             ; TMP5[6]             ; yes                    ;
; TMP2[3]                                             ; TMP5[6]             ; yes                    ;
; TMP2[4]                                             ; TMP5[6]             ; yes                    ;
; TMP2[5]                                             ; TMP5[6]             ; yes                    ;
; TMP2[6]                                             ; TMP5[6]             ; yes                    ;
; TMP1[0]                                             ; TMP5[6]             ; yes                    ;
; TMP1[1]                                             ; TMP5[6]             ; yes                    ;
; TMP1[2]                                             ; TMP5[6]             ; yes                    ;
; TMP1[3]                                             ; TMP5[6]             ; yes                    ;
; TMP1[4]                                             ; TMP5[6]             ; yes                    ;
; TMP1[5]                                             ; TMP5[6]             ; yes                    ;
; TMP1[6]                                             ; TMP5[6]             ; yes                    ;
; TMP0[0]                                             ; TMP5[6]             ; yes                    ;
; TMP0[1]                                             ; TMP5[6]             ; yes                    ;
; TMP0[2]                                             ; TMP5[6]             ; yes                    ;
; TMP0[3]                                             ; TMP5[6]             ; yes                    ;
; TMP0[4]                                             ; TMP5[6]             ; yes                    ;
; TMP0[5]                                             ; TMP5[6]             ; yes                    ;
; TMP0[6]                                             ; TMP5[6]             ; yes                    ;
; TEMP1[0]                                            ; TEMP1[0]            ; yes                    ;
; TEMP1[1]                                            ; TEMP1[0]            ; yes                    ;
; TEMP1[2]                                            ; TEMP1[0]            ; yes                    ;
; TEMP1[3]                                            ; TEMP1[0]            ; yes                    ;
; TEMP1[4]                                            ; TEMP1[0]            ; yes                    ;
; TEMP1[5]                                            ; TEMP1[0]            ; yes                    ;
; TEMP1[6]                                            ; TEMP1[0]            ; yes                    ;
; TEMP0[0]                                            ; TEMP1[0]            ; yes                    ;
; TEMP0[1]                                            ; TEMP1[0]            ; yes                    ;
; TEMP0[2]                                            ; TEMP1[0]            ; yes                    ;
; TEMP0[3]                                            ; TEMP1[0]            ; yes                    ;
; TEMP0[4]                                            ; TEMP1[0]            ; yes                    ;
; TEMP0[5]                                            ; TEMP1[0]            ; yes                    ;
; TEMP0[6]                                            ; TEMP1[0]            ; yes                    ;
; Number of user-specified and inferred latches = 56  ;                     ;                        ;
+-----------------------------------------------------+---------------------+------------------------+
Note: All latches listed above may not be present at the end of synthesis due to various synthesis optimizations.


+------------------------------------------------------+
; General Register Statistics                          ;
+----------------------------------------------+-------+
; Statistic                                    ; Value ;
+----------------------------------------------+-------+
; Total registers                              ; 0     ;
; Number of registers using Synchronous Clear  ; 0     ;
; Number of registers using Synchronous Load   ; 0     ;
; Number of registers using Asynchronous Clear ; 0     ;
; Number of registers using Asynchronous Load  ; 0     ;
; Number of registers using Clock Enable       ; 0     ;
; Number of registers using Preset             ; 0     ;
+----------------------------------------------+-------+


+------------------------------------------------------------------------------------------------------------------------------------------------+
; Multiplexer Restructuring Statistics (Restructuring Performed)                                                                                 ;
+--------------------+-----------+---------------+----------------------+------------------------+------------+----------------------------------+
; Multiplexer Inputs ; Bus Width ; Baseline Area ; Area if Restructured ; Saving if Restructured ; Registered ; Example Multiplexer Output       ;
+--------------------+-----------+---------------+----------------------+------------------------+------------+----------------------------------+
; 8:1                ; 14 bits   ; 70 LEs        ; 28 LEs               ; 42 LEs                 ; No         ; |lijiantao2018114266_14|TMP3[0]  ;
; 4:1                ; 13 bits   ; 26 LEs        ; 26 LEs               ; 0 LEs                  ; No         ; |lijiantao2018114266_14|TMP1[1]  ;
; 5:1                ; 14 bits   ; 42 LEs        ; 28 LEs               ; 14 LEs                 ; No         ; |lijiantao2018114266_14|TMP5[1]  ;
; 8:1                ; 14 bits   ; 70 LEs        ; 56 LEs               ; 14 LEs                 ; No         ; |lijiantao2018114266_14|TEMP1[0] ;
+--------------------+-----------+---------------+----------------------+------------------------+------------+----------------------------------+


+-----------------------------------------------------+
; Post-Synthesis Netlist Statistics for Top Partition ;
+-----------------------+-----------------------------+
; Type                  ; Count                       ;
+-----------------------+-----------------------------+
; arriav_lcell_comb     ; 132                         ;
;     normal            ; 132                         ;
;         2 data inputs ; 1                           ;
;         3 data inputs ; 59                          ;
;         4 data inputs ; 2                           ;
;         5 data inputs ; 28                          ;
;         6 data inputs ; 42                          ;
; boundary_port         ; 158                         ;
;                       ;                             ;
; Max LUT depth         ; 3.00                        ;
; Average LUT depth     ; 2.21                        ;
+-----------------------+-----------------------------+


+-------------------------------+
; Elapsed Time Per Partition    ;
+----------------+--------------+
; Partition Name ; Elapsed Time ;
+----------------+--------------+
; Top            ; 00:00:00     ;
+----------------+--------------+


+-------------------------------+
; Analysis & Synthesis Messages ;
+-------------------------------+
Info: *******************************************************************
Info: Running Quartus Prime Analysis & Synthesis
    Info: Version 17.0.0 Build 595 04/25/2017 SJ Lite Edition
    Info: Processing started: Wed Jul 08 20:45:22 2020
Info: Command: quartus_map --read_settings_files=on --write_settings_files=off lijiantao2018114266_14 -c lijiantao2018114266_14
Warning (18236): Number of processors has not been specified which may cause overloading on shared machines.  Set the global assignment NUM_PARALLEL_PROCESSORS in your QSF to an appropriate value for best performance.
Info (20030): Parallel compilation is enabled and will use 6 of the 6 processors detected
Info (12021): Found 2 design units, including 1 entities, in source file lijiantao2018114266_14.vhd
    Info (12022): Found design unit 1: lijiantao2018114266_14-A File: D:/Desktop/ele/dianzishixi/lijiantao2018114266_14/lijiantao2018114266_14.vhd Line: 22
    Info (12023): Found entity 1: lijiantao2018114266_14 File: D:/Desktop/ele/dianzishixi/lijiantao2018114266_14/lijiantao2018114266_14.vhd Line: 11
Info (12127): Elaborating entity "lijiantao2018114266_14" for the top level hierarchy
Warning (10492): VHDL Process Statement warning at lijiantao2018114266_14.vhd(35): signal "SZFGE" is read inside the Process Statement but isn't in the Process Statement's sensitivity list File: D:/Desktop/ele/dianzishixi/lijiantao2018114266_14/lijiantao2018114266_14.vhd Line: 35
Warning (10492): VHDL Process Statement warning at lijiantao2018114266_14.vhd(35): signal "SZFSHI" is read inside the Process Statement but isn't in the Process Statement's sensitivity list File: D:/Desktop/ele/dianzishixi/lijiantao2018114266_14/lijiantao2018114266_14.vhd Line: 35
Warning (10492): VHDL Process Statement warning at lijiantao2018114266_14.vhd(41): signal "SZSGE" is read inside the Process Statement but isn't in the Process Statement's sensitivity list File: D:/Desktop/ele/dianzishixi/lijiantao2018114266_14/lijiantao2018114266_14.vhd Line: 41
Warning (10492): VHDL Process Statement warning at lijiantao2018114266_14.vhd(41): signal "SZSSHI" is read inside the Process Statement but isn't in the Process Statement's sensitivity list File: D:/Desktop/ele/dianzishixi/lijiantao2018114266_14/lijiantao2018114266_14.vhd Line: 41
Warning (10492): VHDL Process Statement warning at lijiantao2018114266_14.vhd(47): signal "NZFGE" is read inside the Process Statement but isn't in the Process Statement's sensitivity list File: D:/Desktop/ele/dianzishixi/lijiantao2018114266_14/lijiantao2018114266_14.vhd Line: 47
Warning (10492): VHDL Process Statement warning at lijiantao2018114266_14.vhd(47): signal "NZFSHI" is read inside the Process Statement but isn't in the Process Statement's sensitivity list File: D:/Desktop/ele/dianzishixi/lijiantao2018114266_14/lijiantao2018114266_14.vhd Line: 47
Warning (10492): VHDL Process Statement warning at lijiantao2018114266_14.vhd(53): signal "NZSGE" is read inside the Process Statement but isn't in the Process Statement's sensitivity list File: D:/Desktop/ele/dianzishixi/lijiantao2018114266_14/lijiantao2018114266_14.vhd Line: 53
Warning (10492): VHDL Process Statement warning at lijiantao2018114266_14.vhd(53): signal "NZSSHI" is read inside the Process Statement but isn't in the Process Statement's sensitivity list File: D:/Desktop/ele/dianzishixi/lijiantao2018114266_14/lijiantao2018114266_14.vhd Line: 53
Warning (10631): VHDL Process Statement warning at lijiantao2018114266_14.vhd(29): inferring latch(es) for signal or variable "TEMP0", which holds its previous value in one or more paths through the process File: D:/Desktop/ele/dianzishixi/lijiantao2018114266_14/lijiantao2018114266_14.vhd Line: 29
Warning (10631): VHDL Process Statement warning at lijiantao2018114266_14.vhd(29): inferring latch(es) for signal or variable "TEMP1", which holds its previous value in one or more paths through the process File: D:/Desktop/ele/dianzishixi/lijiantao2018114266_14/lijiantao2018114266_14.vhd Line: 29
Warning (10492): VHDL Process Statement warning at lijiantao2018114266_14.vhd(63): signal "SZSSHI" is read inside the Process Statement but isn't in the Process Statement's sensitivity list File: D:/Desktop/ele/dianzishixi/lijiantao2018114266_14/lijiantao2018114266_14.vhd Line: 63
Warning (10492): VHDL Process Statement warning at lijiantao2018114266_14.vhd(63): signal "SZSGE" is read inside the Process Statement but isn't in the Process Statement's sensitivity list File: D:/Desktop/ele/dianzishixi/lijiantao2018114266_14/lijiantao2018114266_14.vhd Line: 63
Warning (10492): VHDL Process Statement warning at lijiantao2018114266_14.vhd(63): signal "SZFSHI" is read inside the Process Statement but isn't in the Process Statement's sensitivity list File: D:/Desktop/ele/dianzishixi/lijiantao2018114266_14/lijiantao2018114266_14.vhd Line: 63
Warning (10492): VHDL Process Statement warning at lijiantao2018114266_14.vhd(63): signal "SZFGE" is read inside the Process Statement but isn't in the Process Statement's sensitivity list File: D:/Desktop/ele/dianzishixi/lijiantao2018114266_14/lijiantao2018114266_14.vhd Line: 63
Warning (10492): VHDL Process Statement warning at lijiantao2018114266_14.vhd(63): signal "SZMSHI" is read inside the Process Statement but isn't in the Process Statement's sensitivity list File: D:/Desktop/ele/dianzishixi/lijiantao2018114266_14/lijiantao2018114266_14.vhd Line: 63
Warning (10492): VHDL Process Statement warning at lijiantao2018114266_14.vhd(63): signal "SZMGE" is read inside the Process Statement but isn't in the Process Statement's sensitivity list File: D:/Desktop/ele/dianzishixi/lijiantao2018114266_14/lijiantao2018114266_14.vhd Line: 63
Warning (10492): VHDL Process Statement warning at lijiantao2018114266_14.vhd(65): signal "SZSSHI" is read inside the Process Statement but isn't in the Process Statement's sensitivity list File: D:/Desktop/ele/dianzishixi/lijiantao2018114266_14/lijiantao2018114266_14.vhd Line: 65
Warning (10492): VHDL Process Statement warning at lijiantao2018114266_14.vhd(65): signal "SZSGE" is read inside the Process Statement but isn't in the Process Statement's sensitivity list File: D:/Desktop/ele/dianzishixi/lijiantao2018114266_14/lijiantao2018114266_14.vhd Line: 65
Warning (10492): VHDL Process Statement warning at lijiantao2018114266_14.vhd(65): signal "TEMP1" is read inside the Process Statement but isn't in the Process Statement's sensitivity list File: D:/Desktop/ele/dianzishixi/lijiantao2018114266_14/lijiantao2018114266_14.vhd Line: 65
Warning (10492): VHDL Process Statement warning at lijiantao2018114266_14.vhd(65): signal "TEMP0" is read inside the Process Statement but isn't in the Process Statement's sensitivity list File: D:/Desktop/ele/dianzishixi/lijiantao2018114266_14/lijiantao2018114266_14.vhd Line: 65
Warning (10492): VHDL Process Statement warning at lijiantao2018114266_14.vhd(65): signal "SZMSHI" is read inside the Process Statement but isn't in the Process Statement's sensitivity list File: D:/Desktop/ele/dianzishixi/lijiantao2018114266_14/lijiantao2018114266_14.vhd Line: 65
Warning (10492): VHDL Process Statement warning at lijiantao2018114266_14.vhd(65): signal "SZMGE" is read inside the Process Statement but isn't in the Process Statement's sensitivity list File: D:/Desktop/ele/dianzishixi/lijiantao2018114266_14/lijiantao2018114266_14.vhd Line: 65
Warning (10492): VHDL Process Statement warning at lijiantao2018114266_14.vhd(67): signal "TEMP1" is read inside the Process Statement but isn't in the Process Statement's sensitivity list File: D:/Desktop/ele/dianzishixi/lijiantao2018114266_14/lijiantao2018114266_14.vhd Line: 67
Warning (10492): VHDL Process Statement warning at lijiantao2018114266_14.vhd(67): signal "TEMP0" is read inside the Process Statement but isn't in the Process Statement's sensitivity list File: D:/Desktop/ele/dianzishixi/lijiantao2018114266_14/lijiantao2018114266_14.vhd Line: 67
Warning (10492): VHDL Process Statement warning at lijiantao2018114266_14.vhd(67): signal "SZFSHI" is read inside the Process Statement but isn't in the Process Statement's sensitivity list File: D:/Desktop/ele/dianzishixi/lijiantao2018114266_14/lijiantao2018114266_14.vhd Line: 67
Warning (10492): VHDL Process Statement warning at lijiantao2018114266_14.vhd(67): signal "SZFGE" is read inside the Process Statement but isn't in the Process Statement's sensitivity list File: D:/Desktop/ele/dianzishixi/lijiantao2018114266_14/lijiantao2018114266_14.vhd Line: 67
Warning (10492): VHDL Process Statement warning at lijiantao2018114266_14.vhd(67): signal "SZMSHI" is read inside the Process Statement but isn't in the Process Statement's sensitivity list File: D:/Desktop/ele/dianzishixi/lijiantao2018114266_14/lijiantao2018114266_14.vhd Line: 67
Warning (10492): VHDL Process Statement warning at lijiantao2018114266_14.vhd(67): signal "SZMGE" is read inside the Process Statement but isn't in the Process Statement's sensitivity list File: D:/Desktop/ele/dianzishixi/lijiantao2018114266_14/lijiantao2018114266_14.vhd Line: 67
Warning (10492): VHDL Process Statement warning at lijiantao2018114266_14.vhd(69): signal "NZSSHI" is read inside the Process Statement but isn't in the Process Statement's sensitivity list File: D:/Desktop/ele/dianzishixi/lijiantao2018114266_14/lijiantao2018114266_14.vhd Line: 69
Warning (10492): VHDL Process Statement warning at lijiantao2018114266_14.vhd(69): signal "NZSGE" is read inside the Process Statement but isn't in the Process Statement's sensitivity list File: D:/Desktop/ele/dianzishixi/lijiantao2018114266_14/lijiantao2018114266_14.vhd Line: 69
Warning (10492): VHDL Process Statement warning at lijiantao2018114266_14.vhd(69): signal "TEMP1" is read inside the Process Statement but isn't in the Process Statement's sensitivity list File: D:/Desktop/ele/dianzishixi/lijiantao2018114266_14/lijiantao2018114266_14.vhd Line: 69
Warning (10492): VHDL Process Statement warning at lijiantao2018114266_14.vhd(69): signal "TEMP0" is read inside the Process Statement but isn't in the Process Statement's sensitivity list File: D:/Desktop/ele/dianzishixi/lijiantao2018114266_14/lijiantao2018114266_14.vhd Line: 69
Warning (10492): VHDL Process Statement warning at lijiantao2018114266_14.vhd(71): signal "TEMP1" is read inside the Process Statement but isn't in the Process Statement's sensitivity list File: D:/Desktop/ele/dianzishixi/lijiantao2018114266_14/lijiantao2018114266_14.vhd Line: 71
Warning (10492): VHDL Process Statement warning at lijiantao2018114266_14.vhd(71): signal "TEMP0" is read inside the Process Statement but isn't in the Process Statement's sensitivity list File: D:/Desktop/ele/dianzishixi/lijiantao2018114266_14/lijiantao2018114266_14.vhd Line: 71
Warning (10492): VHDL Process Statement warning at lijiantao2018114266_14.vhd(71): signal "NZFSHI" is read inside the Process Statement but isn't in the Process Statement's sensitivity list File: D:/Desktop/ele/dianzishixi/lijiantao2018114266_14/lijiantao2018114266_14.vhd Line: 71
Warning (10492): VHDL Process Statement warning at lijiantao2018114266_14.vhd(71): signal "NZFGE" is read inside the Process Statement but isn't in the Process Statement's sensitivity list File: D:/Desktop/ele/dianzishixi/lijiantao2018114266_14/lijiantao2018114266_14.vhd Line: 71
Warning (10492): VHDL Process Statement warning at lijiantao2018114266_14.vhd(73): signal "MBFSHI" is read inside the Process Statement but isn't in the Process Statement's sensitivity list File: D:/Desktop/ele/dianzishixi/lijiantao2018114266_14/lijiantao2018114266_14.vhd Line: 73
Warning (10492): VHDL Process Statement warning at lijiantao2018114266_14.vhd(73): signal "MBFGE" is read inside the Process Statement but isn't in the Process Statement's sensitivity list File: D:/Desktop/ele/dianzishixi/lijiantao2018114266_14/lijiantao2018114266_14.vhd Line: 73
Warning (10492): VHDL Process Statement warning at lijiantao2018114266_14.vhd(73): signal "MBMSHI" is read inside the Process Statement but isn't in the Process Statement's sensitivity list File: D:/Desktop/ele/dianzishixi/lijiantao2018114266_14/lijiantao2018114266_14.vhd Line: 73
Warning (10492): VHDL Process Statement warning at lijiantao2018114266_14.vhd(73): signal "MBMGE" is read inside the Process Statement but isn't in the Process Statement's sensitivity list File: D:/Desktop/ele/dianzishixi/lijiantao2018114266_14/lijiantao2018114266_14.vhd Line: 73
Warning (10492): VHDL Process Statement warning at lijiantao2018114266_14.vhd(73): signal "MBBSHI" is read inside the Process Statement but isn't in the Process Statement's sensitivity list File: D:/Desktop/ele/dianzishixi/lijiantao2018114266_14/lijiantao2018114266_14.vhd Line: 73
Warning (10492): VHDL Process Statement warning at lijiantao2018114266_14.vhd(73): signal "MBBGE" is read inside the Process Statement but isn't in the Process Statement's sensitivity list File: D:/Desktop/ele/dianzishixi/lijiantao2018114266_14/lijiantao2018114266_14.vhd Line: 73
Warning (10631): VHDL Process Statement warning at lijiantao2018114266_14.vhd(60): inferring latch(es) for signal or variable "TMP5", which holds its previous value in one or more paths through the process File: D:/Desktop/ele/dianzishixi/lijiantao2018114266_14/lijiantao2018114266_14.vhd Line: 60
Warning (10631): VHDL Process Statement warning at lijiantao2018114266_14.vhd(60): inferring latch(es) for signal or variable "TMP4", which holds its previous value in one or more paths through the process File: D:/Desktop/ele/dianzishixi/lijiantao2018114266_14/lijiantao2018114266_14.vhd Line: 60
Warning (10631): VHDL Process Statement warning at lijiantao2018114266_14.vhd(60): inferring latch(es) for signal or variable "TMP3", which holds its previous value in one or more paths through the process File: D:/Desktop/ele/dianzishixi/lijiantao2018114266_14/lijiantao2018114266_14.vhd Line: 60
Warning (10631): VHDL Process Statement warning at lijiantao2018114266_14.vhd(60): inferring latch(es) for signal or variable "TMP2", which holds its previous value in one or more paths through the process File: D:/Desktop/ele/dianzishixi/lijiantao2018114266_14/lijiantao2018114266_14.vhd Line: 60
Warning (10631): VHDL Process Statement warning at lijiantao2018114266_14.vhd(60): inferring latch(es) for signal or variable "TMP1", which holds its previous value in one or more paths through the process File: D:/Desktop/ele/dianzishixi/lijiantao2018114266_14/lijiantao2018114266_14.vhd Line: 60
Warning (10631): VHDL Process Statement warning at lijiantao2018114266_14.vhd(60): inferring latch(es) for signal or variable "TMP0", which holds its previous value in one or more paths through the process File: D:/Desktop/ele/dianzishixi/lijiantao2018114266_14/lijiantao2018114266_14.vhd Line: 60
Info (10041): Inferred latch for "TMP0[0]" at lijiantao2018114266_14.vhd(60) File: D:/Desktop/ele/dianzishixi/lijiantao2018114266_14/lijiantao2018114266_14.vhd Line: 60
Info (10041): Inferred latch for "TMP0[1]" at lijiantao2018114266_14.vhd(60) File: D:/Desktop/ele/dianzishixi/lijiantao2018114266_14/lijiantao2018114266_14.vhd Line: 60
Info (10041): Inferred latch for "TMP0[2]" at lijiantao2018114266_14.vhd(60) File: D:/Desktop/ele/dianzishixi/lijiantao2018114266_14/lijiantao2018114266_14.vhd Line: 60
Info (10041): Inferred latch for "TMP0[3]" at lijiantao2018114266_14.vhd(60) File: D:/Desktop/ele/dianzishixi/lijiantao2018114266_14/lijiantao2018114266_14.vhd Line: 60
Info (10041): Inferred latch for "TMP0[4]" at lijiantao2018114266_14.vhd(60) File: D:/Desktop/ele/dianzishixi/lijiantao2018114266_14/lijiantao2018114266_14.vhd Line: 60
Info (10041): Inferred latch for "TMP0[5]" at lijiantao2018114266_14.vhd(60) File: D:/Desktop/ele/dianzishixi/lijiantao2018114266_14/lijiantao2018114266_14.vhd Line: 60
Info (10041): Inferred latch for "TMP0[6]" at lijiantao2018114266_14.vhd(60) File: D:/Desktop/ele/dianzishixi/lijiantao2018114266_14/lijiantao2018114266_14.vhd Line: 60
Info (10041): Inferred latch for "TMP1[0]" at lijiantao2018114266_14.vhd(60) File: D:/Desktop/ele/dianzishixi/lijiantao2018114266_14/lijiantao2018114266_14.vhd Line: 60
Info (10041): Inferred latch for "TMP1[1]" at lijiantao2018114266_14.vhd(60) File: D:/Desktop/ele/dianzishixi/lijiantao2018114266_14/lijiantao2018114266_14.vhd Line: 60
Info (10041): Inferred latch for "TMP1[2]" at lijiantao2018114266_14.vhd(60) File: D:/Desktop/ele/dianzishixi/lijiantao2018114266_14/lijiantao2018114266_14.vhd Line: 60
Info (10041): Inferred latch for "TMP1[3]" at lijiantao2018114266_14.vhd(60) File: D:/Desktop/ele/dianzishixi/lijiantao2018114266_14/lijiantao2018114266_14.vhd Line: 60
Info (10041): Inferred latch for "TMP1[4]" at lijiantao2018114266_14.vhd(60) File: D:/Desktop/ele/dianzishixi/lijiantao2018114266_14/lijiantao2018114266_14.vhd Line: 60
Info (10041): Inferred latch for "TMP1[5]" at lijiantao2018114266_14.vhd(60) File: D:/Desktop/ele/dianzishixi/lijiantao2018114266_14/lijiantao2018114266_14.vhd Line: 60
Info (10041): Inferred latch for "TMP1[6]" at lijiantao2018114266_14.vhd(60) File: D:/Desktop/ele/dianzishixi/lijiantao2018114266_14/lijiantao2018114266_14.vhd Line: 60
Info (10041): Inferred latch for "TMP2[0]" at lijiantao2018114266_14.vhd(60) File: D:/Desktop/ele/dianzishixi/lijiantao2018114266_14/lijiantao2018114266_14.vhd Line: 60
Info (10041): Inferred latch for "TMP2[1]" at lijiantao2018114266_14.vhd(60) File: D:/Desktop/ele/dianzishixi/lijiantao2018114266_14/lijiantao2018114266_14.vhd Line: 60
Info (10041): Inferred latch for "TMP2[2]" at lijiantao2018114266_14.vhd(60) File: D:/Desktop/ele/dianzishixi/lijiantao2018114266_14/lijiantao2018114266_14.vhd Line: 60
Info (10041): Inferred latch for "TMP2[3]" at lijiantao2018114266_14.vhd(60) File: D:/Desktop/ele/dianzishixi/lijiantao2018114266_14/lijiantao2018114266_14.vhd Line: 60
Info (10041): Inferred latch for "TMP2[4]" at lijiantao2018114266_14.vhd(60) File: D:/Desktop/ele/dianzishixi/lijiantao2018114266_14/lijiantao2018114266_14.vhd Line: 60
Info (10041): Inferred latch for "TMP2[5]" at lijiantao2018114266_14.vhd(60) File: D:/Desktop/ele/dianzishixi/lijiantao2018114266_14/lijiantao2018114266_14.vhd Line: 60
Info (10041): Inferred latch for "TMP2[6]" at lijiantao2018114266_14.vhd(60) File: D:/Desktop/ele/dianzishixi/lijiantao2018114266_14/lijiantao2018114266_14.vhd Line: 60
Info (10041): Inferred latch for "TMP3[0]" at lijiantao2018114266_14.vhd(60) File: D:/Desktop/ele/dianzishixi/lijiantao2018114266_14/lijiantao2018114266_14.vhd Line: 60
Info (10041): Inferred latch for "TMP3[1]" at lijiantao2018114266_14.vhd(60) File: D:/Desktop/ele/dianzishixi/lijiantao2018114266_14/lijiantao2018114266_14.vhd Line: 60
Info (10041): Inferred latch for "TMP3[2]" at lijiantao2018114266_14.vhd(60) File: D:/Desktop/ele/dianzishixi/lijiantao2018114266_14/lijiantao2018114266_14.vhd Line: 60
Info (10041): Inferred latch for "TMP3[3]" at lijiantao2018114266_14.vhd(60) File: D:/Desktop/ele/dianzishixi/lijiantao2018114266_14/lijiantao2018114266_14.vhd Line: 60
Info (10041): Inferred latch for "TMP3[4]" at lijiantao2018114266_14.vhd(60) File: D:/Desktop/ele/dianzishixi/lijiantao2018114266_14/lijiantao2018114266_14.vhd Line: 60
Info (10041): Inferred latch for "TMP3[5]" at lijiantao2018114266_14.vhd(60) File: D:/Desktop/ele/dianzishixi/lijiantao2018114266_14/lijiantao2018114266_14.vhd Line: 60
Info (10041): Inferred latch for "TMP3[6]" at lijiantao2018114266_14.vhd(60) File: D:/Desktop/ele/dianzishixi/lijiantao2018114266_14/lijiantao2018114266_14.vhd Line: 60
Info (10041): Inferred latch for "TMP4[0]" at lijiantao2018114266_14.vhd(60) File: D:/Desktop/ele/dianzishixi/lijiantao2018114266_14/lijiantao2018114266_14.vhd Line: 60
Info (10041): Inferred latch for "TMP4[1]" at lijiantao2018114266_14.vhd(60) File: D:/Desktop/ele/dianzishixi/lijiantao2018114266_14/lijiantao2018114266_14.vhd Line: 60
Info (10041): Inferred latch for "TMP4[2]" at lijiantao2018114266_14.vhd(60) File: D:/Desktop/ele/dianzishixi/lijiantao2018114266_14/lijiantao2018114266_14.vhd Line: 60
Info (10041): Inferred latch for "TMP4[3]" at lijiantao2018114266_14.vhd(60) File: D:/Desktop/ele/dianzishixi/lijiantao2018114266_14/lijiantao2018114266_14.vhd Line: 60
Info (10041): Inferred latch for "TMP4[4]" at lijiantao2018114266_14.vhd(60) File: D:/Desktop/ele/dianzishixi/lijiantao2018114266_14/lijiantao2018114266_14.vhd Line: 60
Info (10041): Inferred latch for "TMP4[5]" at lijiantao2018114266_14.vhd(60) File: D:/Desktop/ele/dianzishixi/lijiantao2018114266_14/lijiantao2018114266_14.vhd Line: 60
Info (10041): Inferred latch for "TMP4[6]" at lijiantao2018114266_14.vhd(60) File: D:/Desktop/ele/dianzishixi/lijiantao2018114266_14/lijiantao2018114266_14.vhd Line: 60
Info (10041): Inferred latch for "TMP5[0]" at lijiantao2018114266_14.vhd(60) File: D:/Desktop/ele/dianzishixi/lijiantao2018114266_14/lijiantao2018114266_14.vhd Line: 60
Info (10041): Inferred latch for "TMP5[1]" at lijiantao2018114266_14.vhd(60) File: D:/Desktop/ele/dianzishixi/lijiantao2018114266_14/lijiantao2018114266_14.vhd Line: 60
Info (10041): Inferred latch for "TMP5[2]" at lijiantao2018114266_14.vhd(60) File: D:/Desktop/ele/dianzishixi/lijiantao2018114266_14/lijiantao2018114266_14.vhd Line: 60
Info (10041): Inferred latch for "TMP5[3]" at lijiantao2018114266_14.vhd(60) File: D:/Desktop/ele/dianzishixi/lijiantao2018114266_14/lijiantao2018114266_14.vhd Line: 60
Info (10041): Inferred latch for "TMP5[4]" at lijiantao2018114266_14.vhd(60) File: D:/Desktop/ele/dianzishixi/lijiantao2018114266_14/lijiantao2018114266_14.vhd Line: 60
Info (10041): Inferred latch for "TMP5[5]" at lijiantao2018114266_14.vhd(60) File: D:/Desktop/ele/dianzishixi/lijiantao2018114266_14/lijiantao2018114266_14.vhd Line: 60
Info (10041): Inferred latch for "TMP5[6]" at lijiantao2018114266_14.vhd(60) File: D:/Desktop/ele/dianzishixi/lijiantao2018114266_14/lijiantao2018114266_14.vhd Line: 60
Info (10041): Inferred latch for "TEMP1[0]" at lijiantao2018114266_14.vhd(29) File: D:/Desktop/ele/dianzishixi/lijiantao2018114266_14/lijiantao2018114266_14.vhd Line: 29
Info (10041): Inferred latch for "TEMP1[1]" at lijiantao2018114266_14.vhd(29) File: D:/Desktop/ele/dianzishixi/lijiantao2018114266_14/lijiantao2018114266_14.vhd Line: 29
Info (10041): Inferred latch for "TEMP1[2]" at lijiantao2018114266_14.vhd(29) File: D:/Desktop/ele/dianzishixi/lijiantao2018114266_14/lijiantao2018114266_14.vhd Line: 29
Info (10041): Inferred latch for "TEMP1[3]" at lijiantao2018114266_14.vhd(29) File: D:/Desktop/ele/dianzishixi/lijiantao2018114266_14/lijiantao2018114266_14.vhd Line: 29
Info (10041): Inferred latch for "TEMP1[4]" at lijiantao2018114266_14.vhd(29) File: D:/Desktop/ele/dianzishixi/lijiantao2018114266_14/lijiantao2018114266_14.vhd Line: 29
Info (10041): Inferred latch for "TEMP1[5]" at lijiantao2018114266_14.vhd(29) File: D:/Desktop/ele/dianzishixi/lijiantao2018114266_14/lijiantao2018114266_14.vhd Line: 29
Info (10041): Inferred latch for "TEMP1[6]" at lijiantao2018114266_14.vhd(29) File: D:/Desktop/ele/dianzishixi/lijiantao2018114266_14/lijiantao2018114266_14.vhd Line: 29
Info (10041): Inferred latch for "TEMP0[0]" at lijiantao2018114266_14.vhd(29) File: D:/Desktop/ele/dianzishixi/lijiantao2018114266_14/lijiantao2018114266_14.vhd Line: 29
Info (10041): Inferred latch for "TEMP0[1]" at lijiantao2018114266_14.vhd(29) File: D:/Desktop/ele/dianzishixi/lijiantao2018114266_14/lijiantao2018114266_14.vhd Line: 29
Info (10041): Inferred latch for "TEMP0[2]" at lijiantao2018114266_14.vhd(29) File: D:/Desktop/ele/dianzishixi/lijiantao2018114266_14/lijiantao2018114266_14.vhd Line: 29
Info (10041): Inferred latch for "TEMP0[3]" at lijiantao2018114266_14.vhd(29) File: D:/Desktop/ele/dianzishixi/lijiantao2018114266_14/lijiantao2018114266_14.vhd Line: 29
Info (10041): Inferred latch for "TEMP0[4]" at lijiantao2018114266_14.vhd(29) File: D:/Desktop/ele/dianzishixi/lijiantao2018114266_14/lijiantao2018114266_14.vhd Line: 29
Info (10041): Inferred latch for "TEMP0[5]" at lijiantao2018114266_14.vhd(29) File: D:/Desktop/ele/dianzishixi/lijiantao2018114266_14/lijiantao2018114266_14.vhd Line: 29
Info (10041): Inferred latch for "TEMP0[6]" at lijiantao2018114266_14.vhd(29) File: D:/Desktop/ele/dianzishixi/lijiantao2018114266_14/lijiantao2018114266_14.vhd Line: 29
Warning (13012): Latch TMP5[0] has unsafe behavior File: D:/Desktop/ele/dianzishixi/lijiantao2018114266_14/lijiantao2018114266_14.vhd Line: 60
    Warning (13013): Ports D and ENA on the latch are fed by the same signal STATE[0] File: D:/Desktop/ele/dianzishixi/lijiantao2018114266_14/lijiantao2018114266_14.vhd Line: 14
Warning (13012): Latch TMP5[1] has unsafe behavior File: D:/Desktop/ele/dianzishixi/lijiantao2018114266_14/lijiantao2018114266_14.vhd Line: 60
    Warning (13013): Ports D and ENA on the latch are fed by the same signal STATE[0] File: D:/Desktop/ele/dianzishixi/lijiantao2018114266_14/lijiantao2018114266_14.vhd Line: 14
Warning (13012): Latch TMP5[2] has unsafe behavior File: D:/Desktop/ele/dianzishixi/lijiantao2018114266_14/lijiantao2018114266_14.vhd Line: 60
    Warning (13013): Ports D and ENA on the latch are fed by the same signal STATE[0] File: D:/Desktop/ele/dianzishixi/lijiantao2018114266_14/lijiantao2018114266_14.vhd Line: 14
Warning (13012): Latch TMP5[3] has unsafe behavior File: D:/Desktop/ele/dianzishixi/lijiantao2018114266_14/lijiantao2018114266_14.vhd Line: 60
    Warning (13013): Ports D and ENA on the latch are fed by the same signal STATE[0] File: D:/Desktop/ele/dianzishixi/lijiantao2018114266_14/lijiantao2018114266_14.vhd Line: 14
Warning (13012): Latch TMP5[4] has unsafe behavior File: D:/Desktop/ele/dianzishixi/lijiantao2018114266_14/lijiantao2018114266_14.vhd Line: 60
    Warning (13013): Ports D and ENA on the latch are fed by the same signal STATE[0] File: D:/Desktop/ele/dianzishixi/lijiantao2018114266_14/lijiantao2018114266_14.vhd Line: 14
Warning (13012): Latch TMP5[5] has unsafe behavior File: D:/Desktop/ele/dianzishixi/lijiantao2018114266_14/lijiantao2018114266_14.vhd Line: 60
    Warning (13013): Ports D and ENA on the latch are fed by the same signal STATE[0] File: D:/Desktop/ele/dianzishixi/lijiantao2018114266_14/lijiantao2018114266_14.vhd Line: 14
Warning (13012): Latch TMP5[6] has unsafe behavior File: D:/Desktop/ele/dianzishixi/lijiantao2018114266_14/lijiantao2018114266_14.vhd Line: 60
    Warning (13013): Ports D and ENA on the latch are fed by the same signal STATE[0] File: D:/Desktop/ele/dianzishixi/lijiantao2018114266_14/lijiantao2018114266_14.vhd Line: 14
Warning (13012): Latch TMP4[0] has unsafe behavior File: D:/Desktop/ele/dianzishixi/lijiantao2018114266_14/lijiantao2018114266_14.vhd Line: 60
    Warning (13013): Ports D and ENA on the latch are fed by the same signal STATE[0] File: D:/Desktop/ele/dianzishixi/lijiantao2018114266_14/lijiantao2018114266_14.vhd Line: 14
Warning (13012): Latch TMP4[1] has unsafe behavior File: D:/Desktop/ele/dianzishixi/lijiantao2018114266_14/lijiantao2018114266_14.vhd Line: 60
    Warning (13013): Ports D and ENA on the latch are fed by the same signal STATE[0] File: D:/Desktop/ele/dianzishixi/lijiantao2018114266_14/lijiantao2018114266_14.vhd Line: 14
Warning (13012): Latch TMP4[2] has unsafe behavior File: D:/Desktop/ele/dianzishixi/lijiantao2018114266_14/lijiantao2018114266_14.vhd Line: 60
    Warning (13013): Ports D and ENA on the latch are fed by the same signal STATE[0] File: D:/Desktop/ele/dianzishixi/lijiantao2018114266_14/lijiantao2018114266_14.vhd Line: 14
Warning (13012): Latch TMP4[3] has unsafe behavior File: D:/Desktop/ele/dianzishixi/lijiantao2018114266_14/lijiantao2018114266_14.vhd Line: 60
    Warning (13013): Ports D and ENA on the latch are fed by the same signal STATE[0] File: D:/Desktop/ele/dianzishixi/lijiantao2018114266_14/lijiantao2018114266_14.vhd Line: 14
Warning (13012): Latch TMP4[4] has unsafe behavior File: D:/Desktop/ele/dianzishixi/lijiantao2018114266_14/lijiantao2018114266_14.vhd Line: 60
    Warning (13013): Ports D and ENA on the latch are fed by the same signal STATE[0] File: D:/Desktop/ele/dianzishixi/lijiantao2018114266_14/lijiantao2018114266_14.vhd Line: 14
Warning (13012): Latch TMP4[5] has unsafe behavior File: D:/Desktop/ele/dianzishixi/lijiantao2018114266_14/lijiantao2018114266_14.vhd Line: 60
    Warning (13013): Ports D and ENA on the latch are fed by the same signal STATE[0] File: D:/Desktop/ele/dianzishixi/lijiantao2018114266_14/lijiantao2018114266_14.vhd Line: 14
Warning (13012): Latch TMP4[6] has unsafe behavior File: D:/Desktop/ele/dianzishixi/lijiantao2018114266_14/lijiantao2018114266_14.vhd Line: 60
    Warning (13013): Ports D and ENA on the latch are fed by the same signal STATE[0] File: D:/Desktop/ele/dianzishixi/lijiantao2018114266_14/lijiantao2018114266_14.vhd Line: 14
Warning (13012): Latch TMP3[0] has unsafe behavior File: D:/Desktop/ele/dianzishixi/lijiantao2018114266_14/lijiantao2018114266_14.vhd Line: 60
    Warning (13013): Ports D and ENA on the latch are fed by the same signal STATE[2] File: D:/Desktop/ele/dianzishixi/lijiantao2018114266_14/lijiantao2018114266_14.vhd Line: 14
Warning (13012): Latch TMP3[1] has unsafe behavior File: D:/Desktop/ele/dianzishixi/lijiantao2018114266_14/lijiantao2018114266_14.vhd Line: 60
    Warning (13013): Ports D and ENA on the latch are fed by the same signal STATE[2] File: D:/Desktop/ele/dianzishixi/lijiantao2018114266_14/lijiantao2018114266_14.vhd Line: 14
Warning (13012): Latch TMP3[2] has unsafe behavior File: D:/Desktop/ele/dianzishixi/lijiantao2018114266_14/lijiantao2018114266_14.vhd Line: 60
    Warning (13013): Ports D and ENA on the latch are fed by the same signal STATE[2] File: D:/Desktop/ele/dianzishixi/lijiantao2018114266_14/lijiantao2018114266_14.vhd Line: 14
Warning (13012): Latch TMP3[3] has unsafe behavior File: D:/Desktop/ele/dianzishixi/lijiantao2018114266_14/lijiantao2018114266_14.vhd Line: 60
    Warning (13013): Ports D and ENA on the latch are fed by the same signal STATE[2] File: D:/Desktop/ele/dianzishixi/lijiantao2018114266_14/lijiantao2018114266_14.vhd Line: 14
Warning (13012): Latch TMP3[4] has unsafe behavior File: D:/Desktop/ele/dianzishixi/lijiantao2018114266_14/lijiantao2018114266_14.vhd Line: 60
    Warning (13013): Ports D and ENA on the latch are fed by the same signal STATE[2] File: D:/Desktop/ele/dianzishixi/lijiantao2018114266_14/lijiantao2018114266_14.vhd Line: 14
Warning (13012): Latch TMP3[5] has unsafe behavior File: D:/Desktop/ele/dianzishixi/lijiantao2018114266_14/lijiantao2018114266_14.vhd Line: 60
    Warning (13013): Ports D and ENA on the latch are fed by the same signal STATE[2] File: D:/Desktop/ele/dianzishixi/lijiantao2018114266_14/lijiantao2018114266_14.vhd Line: 14
Warning (13012): Latch TMP3[6] has unsafe behavior File: D:/Desktop/ele/dianzishixi/lijiantao2018114266_14/lijiantao2018114266_14.vhd Line: 60
    Warning (13013): Ports D and ENA on the latch are fed by the same signal STATE[2] File: D:/Desktop/ele/dianzishixi/lijiantao2018114266_14/lijiantao2018114266_14.vhd Line: 14
Warning (13012): Latch TMP2[0] has unsafe behavior File: D:/Desktop/ele/dianzishixi/lijiantao2018114266_14/lijiantao2018114266_14.vhd Line: 60
    Warning (13013): Ports D and ENA on the latch are fed by the same signal STATE[2] File: D:/Desktop/ele/dianzishixi/lijiantao2018114266_14/lijiantao2018114266_14.vhd Line: 14
Warning (13012): Latch TMP2[1] has unsafe behavior File: D:/Desktop/ele/dianzishixi/lijiantao2018114266_14/lijiantao2018114266_14.vhd Line: 60
    Warning (13013): Ports D and ENA on the latch are fed by the same signal STATE[2] File: D:/Desktop/ele/dianzishixi/lijiantao2018114266_14/lijiantao2018114266_14.vhd Line: 14
Warning (13012): Latch TMP2[2] has unsafe behavior File: D:/Desktop/ele/dianzishixi/lijiantao2018114266_14/lijiantao2018114266_14.vhd Line: 60
    Warning (13013): Ports D and ENA on the latch are fed by the same signal STATE[2] File: D:/Desktop/ele/dianzishixi/lijiantao2018114266_14/lijiantao2018114266_14.vhd Line: 14
Warning (13012): Latch TMP2[3] has unsafe behavior File: D:/Desktop/ele/dianzishixi/lijiantao2018114266_14/lijiantao2018114266_14.vhd Line: 60
    Warning (13013): Ports D and ENA on the latch are fed by the same signal STATE[2] File: D:/Desktop/ele/dianzishixi/lijiantao2018114266_14/lijiantao2018114266_14.vhd Line: 14
Warning (13012): Latch TMP2[4] has unsafe behavior File: D:/Desktop/ele/dianzishixi/lijiantao2018114266_14/lijiantao2018114266_14.vhd Line: 60
    Warning (13013): Ports D and ENA on the latch are fed by the same signal STATE[2] File: D:/Desktop/ele/dianzishixi/lijiantao2018114266_14/lijiantao2018114266_14.vhd Line: 14
Warning (13012): Latch TMP2[5] has unsafe behavior File: D:/Desktop/ele/dianzishixi/lijiantao2018114266_14/lijiantao2018114266_14.vhd Line: 60
    Warning (13013): Ports D and ENA on the latch are fed by the same signal STATE[2] File: D:/Desktop/ele/dianzishixi/lijiantao2018114266_14/lijiantao2018114266_14.vhd Line: 14
Warning (13012): Latch TMP2[6] has unsafe behavior File: D:/Desktop/ele/dianzishixi/lijiantao2018114266_14/lijiantao2018114266_14.vhd Line: 60
    Warning (13013): Ports D and ENA on the latch are fed by the same signal STATE[2] File: D:/Desktop/ele/dianzishixi/lijiantao2018114266_14/lijiantao2018114266_14.vhd Line: 14
Warning (13012): Latch TMP1[0] has unsafe behavior File: D:/Desktop/ele/dianzishixi/lijiantao2018114266_14/lijiantao2018114266_14.vhd Line: 60
    Warning (13013): Ports D and ENA on the latch are fed by the same signal STATE[0] File: D:/Desktop/ele/dianzishixi/lijiantao2018114266_14/lijiantao2018114266_14.vhd Line: 14
Warning (13012): Latch TMP1[1] has unsafe behavior File: D:/Desktop/ele/dianzishixi/lijiantao2018114266_14/lijiantao2018114266_14.vhd Line: 60
    Warning (13013): Ports D and ENA on the latch are fed by the same signal STATE[0] File: D:/Desktop/ele/dianzishixi/lijiantao2018114266_14/lijiantao2018114266_14.vhd Line: 14
Warning (13012): Latch TMP1[2] has unsafe behavior File: D:/Desktop/ele/dianzishixi/lijiantao2018114266_14/lijiantao2018114266_14.vhd Line: 60
    Warning (13013): Ports D and ENA on the latch are fed by the same signal STATE[0] File: D:/Desktop/ele/dianzishixi/lijiantao2018114266_14/lijiantao2018114266_14.vhd Line: 14
Warning (13012): Latch TMP1[3] has unsafe behavior File: D:/Desktop/ele/dianzishixi/lijiantao2018114266_14/lijiantao2018114266_14.vhd Line: 60
    Warning (13013): Ports D and ENA on the latch are fed by the same signal STATE[0] File: D:/Desktop/ele/dianzishixi/lijiantao2018114266_14/lijiantao2018114266_14.vhd Line: 14
Warning (13012): Latch TMP1[4] has unsafe behavior File: D:/Desktop/ele/dianzishixi/lijiantao2018114266_14/lijiantao2018114266_14.vhd Line: 60
    Warning (13013): Ports D and ENA on the latch are fed by the same signal STATE[0] File: D:/Desktop/ele/dianzishixi/lijiantao2018114266_14/lijiantao2018114266_14.vhd Line: 14
Warning (13012): Latch TMP1[5] has unsafe behavior File: D:/Desktop/ele/dianzishixi/lijiantao2018114266_14/lijiantao2018114266_14.vhd Line: 60
    Warning (13013): Ports D and ENA on the latch are fed by the same signal STATE[0] File: D:/Desktop/ele/dianzishixi/lijiantao2018114266_14/lijiantao2018114266_14.vhd Line: 14
Warning (13012): Latch TMP1[6] has unsafe behavior File: D:/Desktop/ele/dianzishixi/lijiantao2018114266_14/lijiantao2018114266_14.vhd Line: 60
    Warning (13013): Ports D and ENA on the latch are fed by the same signal STATE[0] File: D:/Desktop/ele/dianzishixi/lijiantao2018114266_14/lijiantao2018114266_14.vhd Line: 14
Warning (13012): Latch TMP0[0] has unsafe behavior File: D:/Desktop/ele/dianzishixi/lijiantao2018114266_14/lijiantao2018114266_14.vhd Line: 60
    Warning (13013): Ports D and ENA on the latch are fed by the same signal STATE[0] File: D:/Desktop/ele/dianzishixi/lijiantao2018114266_14/lijiantao2018114266_14.vhd Line: 14
Warning (13012): Latch TMP0[1] has unsafe behavior File: D:/Desktop/ele/dianzishixi/lijiantao2018114266_14/lijiantao2018114266_14.vhd Line: 60
    Warning (13013): Ports D and ENA on the latch are fed by the same signal STATE[0] File: D:/Desktop/ele/dianzishixi/lijiantao2018114266_14/lijiantao2018114266_14.vhd Line: 14
Warning (13012): Latch TMP0[2] has unsafe behavior File: D:/Desktop/ele/dianzishixi/lijiantao2018114266_14/lijiantao2018114266_14.vhd Line: 60
    Warning (13013): Ports D and ENA on the latch are fed by the same signal STATE[0] File: D:/Desktop/ele/dianzishixi/lijiantao2018114266_14/lijiantao2018114266_14.vhd Line: 14
Warning (13012): Latch TMP0[3] has unsafe behavior File: D:/Desktop/ele/dianzishixi/lijiantao2018114266_14/lijiantao2018114266_14.vhd Line: 60
    Warning (13013): Ports D and ENA on the latch are fed by the same signal STATE[0] File: D:/Desktop/ele/dianzishixi/lijiantao2018114266_14/lijiantao2018114266_14.vhd Line: 14
Warning (13012): Latch TMP0[4] has unsafe behavior File: D:/Desktop/ele/dianzishixi/lijiantao2018114266_14/lijiantao2018114266_14.vhd Line: 60
    Warning (13013): Ports D and ENA on the latch are fed by the same signal STATE[0] File: D:/Desktop/ele/dianzishixi/lijiantao2018114266_14/lijiantao2018114266_14.vhd Line: 14
Warning (13012): Latch TMP0[5] has unsafe behavior File: D:/Desktop/ele/dianzishixi/lijiantao2018114266_14/lijiantao2018114266_14.vhd Line: 60
    Warning (13013): Ports D and ENA on the latch are fed by the same signal STATE[0] File: D:/Desktop/ele/dianzishixi/lijiantao2018114266_14/lijiantao2018114266_14.vhd Line: 14
Warning (13012): Latch TMP0[6] has unsafe behavior File: D:/Desktop/ele/dianzishixi/lijiantao2018114266_14/lijiantao2018114266_14.vhd Line: 60
    Warning (13013): Ports D and ENA on the latch are fed by the same signal STATE[0] File: D:/Desktop/ele/dianzishixi/lijiantao2018114266_14/lijiantao2018114266_14.vhd Line: 14
Warning (13012): Latch TEMP1[0] has unsafe behavior File: D:/Desktop/ele/dianzishixi/lijiantao2018114266_14/lijiantao2018114266_14.vhd Line: 29
    Warning (13013): Ports D and ENA on the latch are fed by the same signal STATE[0] File: D:/Desktop/ele/dianzishixi/lijiantao2018114266_14/lijiantao2018114266_14.vhd Line: 14
Warning (13012): Latch TEMP1[1] has unsafe behavior File: D:/Desktop/ele/dianzishixi/lijiantao2018114266_14/lijiantao2018114266_14.vhd Line: 29
    Warning (13013): Ports D and ENA on the latch are fed by the same signal STATE[0] File: D:/Desktop/ele/dianzishixi/lijiantao2018114266_14/lijiantao2018114266_14.vhd Line: 14
Warning (13012): Latch TEMP1[2] has unsafe behavior File: D:/Desktop/ele/dianzishixi/lijiantao2018114266_14/lijiantao2018114266_14.vhd Line: 29
    Warning (13013): Ports D and ENA on the latch are fed by the same signal STATE[0] File: D:/Desktop/ele/dianzishixi/lijiantao2018114266_14/lijiantao2018114266_14.vhd Line: 14
Warning (13012): Latch TEMP1[3] has unsafe behavior File: D:/Desktop/ele/dianzishixi/lijiantao2018114266_14/lijiantao2018114266_14.vhd Line: 29
    Warning (13013): Ports D and ENA on the latch are fed by the same signal STATE[0] File: D:/Desktop/ele/dianzishixi/lijiantao2018114266_14/lijiantao2018114266_14.vhd Line: 14
Warning (13012): Latch TEMP1[4] has unsafe behavior File: D:/Desktop/ele/dianzishixi/lijiantao2018114266_14/lijiantao2018114266_14.vhd Line: 29
    Warning (13013): Ports D and ENA on the latch are fed by the same signal STATE[0] File: D:/Desktop/ele/dianzishixi/lijiantao2018114266_14/lijiantao2018114266_14.vhd Line: 14
Warning (13012): Latch TEMP1[5] has unsafe behavior File: D:/Desktop/ele/dianzishixi/lijiantao2018114266_14/lijiantao2018114266_14.vhd Line: 29
    Warning (13013): Ports D and ENA on the latch are fed by the same signal STATE[0] File: D:/Desktop/ele/dianzishixi/lijiantao2018114266_14/lijiantao2018114266_14.vhd Line: 14
Warning (13012): Latch TEMP1[6] has unsafe behavior File: D:/Desktop/ele/dianzishixi/lijiantao2018114266_14/lijiantao2018114266_14.vhd Line: 29
    Warning (13013): Ports D and ENA on the latch are fed by the same signal STATE[0] File: D:/Desktop/ele/dianzishixi/lijiantao2018114266_14/lijiantao2018114266_14.vhd Line: 14
Warning (13012): Latch TEMP0[0] has unsafe behavior File: D:/Desktop/ele/dianzishixi/lijiantao2018114266_14/lijiantao2018114266_14.vhd Line: 29
    Warning (13013): Ports D and ENA on the latch are fed by the same signal STATE[0] File: D:/Desktop/ele/dianzishixi/lijiantao2018114266_14/lijiantao2018114266_14.vhd Line: 14
Warning (13012): Latch TEMP0[1] has unsafe behavior File: D:/Desktop/ele/dianzishixi/lijiantao2018114266_14/lijiantao2018114266_14.vhd Line: 29
    Warning (13013): Ports D and ENA on the latch are fed by the same signal STATE[0] File: D:/Desktop/ele/dianzishixi/lijiantao2018114266_14/lijiantao2018114266_14.vhd Line: 14
Warning (13012): Latch TEMP0[2] has unsafe behavior File: D:/Desktop/ele/dianzishixi/lijiantao2018114266_14/lijiantao2018114266_14.vhd Line: 29
    Warning (13013): Ports D and ENA on the latch are fed by the same signal STATE[0] File: D:/Desktop/ele/dianzishixi/lijiantao2018114266_14/lijiantao2018114266_14.vhd Line: 14
Warning (13012): Latch TEMP0[3] has unsafe behavior File: D:/Desktop/ele/dianzishixi/lijiantao2018114266_14/lijiantao2018114266_14.vhd Line: 29
    Warning (13013): Ports D and ENA on the latch are fed by the same signal STATE[0] File: D:/Desktop/ele/dianzishixi/lijiantao2018114266_14/lijiantao2018114266_14.vhd Line: 14
Warning (13012): Latch TEMP0[4] has unsafe behavior File: D:/Desktop/ele/dianzishixi/lijiantao2018114266_14/lijiantao2018114266_14.vhd Line: 29
    Warning (13013): Ports D and ENA on the latch are fed by the same signal STATE[0] File: D:/Desktop/ele/dianzishixi/lijiantao2018114266_14/lijiantao2018114266_14.vhd Line: 14
Warning (13012): Latch TEMP0[5] has unsafe behavior File: D:/Desktop/ele/dianzishixi/lijiantao2018114266_14/lijiantao2018114266_14.vhd Line: 29
    Warning (13013): Ports D and ENA on the latch are fed by the same signal STATE[0] File: D:/Desktop/ele/dianzishixi/lijiantao2018114266_14/lijiantao2018114266_14.vhd Line: 14
Warning (13012): Latch TEMP0[6] has unsafe behavior File: D:/Desktop/ele/dianzishixi/lijiantao2018114266_14/lijiantao2018114266_14.vhd Line: 29
    Warning (13013): Ports D and ENA on the latch are fed by the same signal STATE[0] File: D:/Desktop/ele/dianzishixi/lijiantao2018114266_14/lijiantao2018114266_14.vhd Line: 14
Info (286030): Timing-Driven Synthesis is running
Info (16010): Generating hard_block partition "hard_block:auto_generated_inst"
    Info (16011): Adding 0 node(s), including 0 DDIO, 0 PLL, 0 transceiver and 0 LCELL
Info (21057): Implemented 290 device resources after synthesis - the final resource count might be different
    Info (21058): Implemented 116 input pins
    Info (21059): Implemented 42 output pins
    Info (21061): Implemented 132 logic cells
Info: Quartus Prime Analysis & Synthesis was successful. 0 errors, 161 warnings
    Info: Peak virtual memory: 4869 megabytes
    Info: Processing ended: Wed Jul 08 20:45:32 2020
    Info: Elapsed time: 00:00:10
    Info: Total CPU time (on all processors): 00:00:21


